[roslaunch][INFO] 2016-08-11 12:11:40,957: Checking log directory for disk usage. This may take awhile.
Press Ctrl-C to interrupt
[roslaunch][INFO] 2016-08-11 12:11:40,959: Done checking log file disk usage. Usage is <1GB.
[roslaunch][INFO] 2016-08-11 12:11:40,959: roslaunch starting with args ['/opt/ros/indigo/bin/roslaunch', 'moveit_setup_assistant', 'setup_assistant.launch']
[roslaunch][INFO] 2016-08-11 12:11:40,959: roslaunch env is {'MANDATORY_PATH': '/usr/share/gconf/ubuntu.mandatory.path', 'ROS_DISTRO': 'indigo', 'ROS_LOG_FILENAME': '/home/student/.ros/log/61180210-5fb4-11e6-a96f-00224d99020d/roslaunch-SMB303B-3761.log', 'XDG_GREETER_DATA_DIR': '/var/lib/lightdm-data/student', 'GNOME_DESKTOP_SESSION_ID': 'this-is-deprecated', 'LESSOPEN': '| /usr/bin/lesspipe %s', 'PKG_CONFIG_PATH': '/opt/ros/indigo/lib/pkgconfig:/opt/ros/indigo/lib/x86_64-linux-gnu/pkgconfig', 'ROSLISP_PACKAGE_DIRECTORIES': '', 'CPATH': '/opt/ros/indigo/include', 'LOGNAME': 'student', 'WINDOWID': '60817419', 'PATH': '/opt/ros/indigo/bin:/usr/local/sbin:/usr/local/bin:/usr/sbin:/usr/bin:/sbin:/bin:/usr/games:/usr/local/games', 'XDG_VTNR': '7', 'GNOME_KEYRING_CONTROL': '/run/user/1000/keyring-lKWCdf', 'CMAKE_PREFIX_PATH': '/opt/ros/indigo', 'LD_LIBRARY_PATH': '/opt/ros/indigo/lib:/opt/ros/indigo/lib/x86_64-linux-gnu', 'LANG': 'en_GB.UTF-8', 'TERM': 'xterm', 'SHELL': '/bin/bash', 'XDG_SESSION_PATH': '/org/freedesktop/DisplayManager/Session0', 'XAUTHORITY': '/home/student/.Xauthority', 'LANGUAGE': 'en_GB:en', 'SESSION_MANAGER': 'local/SMB303B:@/tmp/.ICE-unix/1749,unix/SMB303B:/tmp/.ICE-unix/1749', 'SHLVL': '1', 'LESSCLOSE': '/usr/bin/lesspipe %s %s', 'QT_QPA_PLATFORMTHEME': 'appmenu-qt5', 'JOB': 'dbus', 'TEXTDOMAIN': 'im-config', 'QT4_IM_MODULE': 'xim', 'CLUTTER_IM_MODULE': 'xim', 'SESSION': 'ubuntu', 'SESSIONTYPE': 'gnome-session', 'XMODIFIERS': '@im=ibus', 'ROS_ETC_DIR': '/opt/ros/indigo/etc/ros', 'GPG_AGENT_INFO': '/run/user/1000/keyring-lKWCdf/gpg:0:1', 'HOME': '/home/student', 'SELINUX_INIT': 'YES', 'COMPIZ_BIN_PATH': '/usr/bin/', 'XDG_RUNTIME_DIR': '/run/user/1000', 'INSTANCE': '', 'PYTHONPATH': '/opt/ros/indigo/lib/python2.7/dist-packages', 'COMPIZ_CONFIG_PROFILE': 'ubuntu', 'SSH_AUTH_SOCK': '/run/user/1000/keyring-lKWCdf/ssh', 'VTE_VERSION': '3409', 'ROS_ROOT': '/opt/ros/indigo/share/ros', 'GDMSESSION': 'ubuntu', 'IM_CONFIG_PHASE': '1', 'TEXTDOMAINDIR': '/usr/share/locale/', 'GNOME_KEYRING_PID': '1598', 'XDG_SEAT_PATH': '/org/freedesktop/DisplayManager/Seat0', 'ROS_PACKAGE_PATH': '/opt/ros/indigo/share:/opt/ros/indigo/stacks', 'XDG_CURRENT_DESKTOP': 'Unity', 'XDG_SESSION_ID': 'c2', 'DBUS_SESSION_BUS_ADDRESS': 'unix:abstract=/tmp/dbus-sguldYKGth', '_': '/opt/ros/indigo/bin/roslaunch', 'DEFAULTS_PATH': '/usr/share/gconf/ubuntu.default.path', 'GTK_IM_MODULE': 'ibus', 'DESKTOP_SESSION': 'ubuntu', 'UPSTART_SESSION': 'unix:abstract=/com/ubuntu/upstart-session/1000/1633', 'XDG_CONFIG_DIRS': '/etc/xdg/xdg-ubuntu:/usr/share/upstart/xdg:/etc/xdg', 'GTK_MODULES': 'overlay-scrollbar:unity-gtk-module', 'XDG_SEAT': 'seat0', 'GDM_LANG': 'en_GB', 'XDG_DATA_DIRS': '/usr/share/ubuntu:/usr/share/gnome:/usr/local/share/:/usr/share/', 'PWD': '/home/student', 'QT_IM_MODULE': 'ibus', 'ROS_MASTER_URI': 'http://localhost:11311', 'COLORTERM': 'gnome-terminal', 'DISPLAY': ':0', 'XDG_MENU_PREFIX': 'gnome-', 'LS_COLORS': 'rs=0:di=01;34:ln=01;36:mh=00:pi=40;33:so=01;35:do=01;35:bd=40;33;01:cd=40;33;01:or=40;31;01:su=37;41:sg=30;43:ca=30;41:tw=30;42:ow=34;42:st=37;44:ex=01;32:*.tar=01;31:*.tgz=01;31:*.arj=01;31:*.taz=01;31:*.lzh=01;31:*.lzma=01;31:*.tlz=01;31:*.txz=01;31:*.zip=01;31:*.z=01;31:*.Z=01;31:*.dz=01;31:*.gz=01;31:*.lz=01;31:*.xz=01;31:*.bz2=01;31:*.bz=01;31:*.tbz=01;31:*.tbz2=01;31:*.tz=01;31:*.deb=01;31:*.rpm=01;31:*.jar=01;31:*.war=01;31:*.ear=01;31:*.sar=01;31:*.rar=01;31:*.ace=01;31:*.zoo=01;31:*.cpio=01;31:*.7z=01;31:*.rz=01;31:*.jpg=01;35:*.jpeg=01;35:*.gif=01;35:*.bmp=01;35:*.pbm=01;35:*.pgm=01;35:*.ppm=01;35:*.tga=01;35:*.xbm=01;35:*.xpm=01;35:*.tif=01;35:*.tiff=01;35:*.png=01;35:*.svg=01;35:*.svgz=01;35:*.mng=01;35:*.pcx=01;35:*.mov=01;35:*.mpg=01;35:*.mpeg=01;35:*.m2v=01;35:*.mkv=01;35:*.webm=01;35:*.ogm=01;35:*.mp4=01;35:*.m4v=01;35:*.mp4v=01;35:*.vob=01;35:*.qt=01;35:*.nuv=01;35:*.wmv=01;35:*.asf=01;35:*.rm=01;35:*.rmvb=01;35:*.flc=01;35:*.avi=01;35:*.fli=01;35:*.flv=01;35:*.gl=01;35:*.dl=01;35:*.xcf=01;35:*.xwd=01;35:*.yuv=01;35:*.cgm=01;35:*.emf=01;35:*.axv=01;35:*.anx=01;35:*.ogv=01;35:*.ogx=01;35:*.aac=00;36:*.au=00;36:*.flac=00;36:*.mid=00;36:*.midi=00;36:*.mka=00;36:*.mp3=00;36:*.mpc=00;36:*.ogg=00;36:*.ra=00;36:*.wav=00;36:*.axa=00;36:*.oga=00;36:*.spx=00;36:*.xspf=00;36:', 'USER': 'student'}
[roslaunch][INFO] 2016-08-11 12:11:40,959: starting in server mode
[roslaunch.parent][INFO] 2016-08-11 12:11:40,960: starting roslaunch parent run
[roslaunch][INFO] 2016-08-11 12:11:40,960: loading roscore config file /opt/ros/indigo/etc/ros/roscore.xml
[roslaunch][INFO] 2016-08-11 12:11:41,087: Added core node of type [rosout/rosout] in namespace [/]
[roslaunch.config][INFO] 2016-08-11 12:11:41,087: loading config file /opt/ros/indigo/share/moveit_setup_assistant/launch/setup_assistant.launch
[roslaunch][INFO] 2016-08-11 12:11:41,089: Added node of type [moveit_setup_assistant/moveit_setup_assistant] in namespace [/]
[roslaunch][INFO] 2016-08-11 12:11:41,089: ... selected machine [] for node of type [moveit_setup_assistant/moveit_setup_assistant]
[roslaunch.pmon][INFO] 2016-08-11 12:11:41,090: start_process_monitor: creating ProcessMonitor
[roslaunch.pmon][INFO] 2016-08-11 12:11:41,090: created process monitor <ProcessMonitor(ProcessMonitor-1, initial daemon)>
[roslaunch.pmon][INFO] 2016-08-11 12:11:41,090: start_process_monitor: ProcessMonitor started
[roslaunch.parent][INFO] 2016-08-11 12:11:41,090: starting parent XML-RPC server
[roslaunch.server][INFO] 2016-08-11 12:11:41,090: starting roslaunch XML-RPC server
[roslaunch.server][INFO] 2016-08-11 12:11:41,091: waiting for roslaunch XML-RPC server to initialize
[xmlrpc][INFO] 2016-08-11 12:11:41,091: XML-RPC server binding to 0.0.0.0:0
[xmlrpc][INFO] 2016-08-11 12:11:41,091: Started XML-RPC server [http://SMB303B:44744/]
[xmlrpc][INFO] 2016-08-11 12:11:41,091: xml rpc node: starting XML-RPC server
[roslaunch][INFO] 2016-08-11 12:11:41,102: started roslaunch server http://SMB303B:44744/
[roslaunch.parent][INFO] 2016-08-11 12:11:41,103: ... parent XML-RPC server started
[roslaunch][INFO] 2016-08-11 12:11:41,103: master.is_running[http://localhost:11311]
[roslaunch][INFO] 2016-08-11 12:11:41,103: auto-starting new master
[roslaunch][INFO] 2016-08-11 12:11:41,103: create_master_process: rosmaster, /opt/ros/indigo/share/ros, 11311, 3, None
[roslaunch][INFO] 2016-08-11 12:11:41,103: process[master]: launching with args [['rosmaster', '--core', '-p', '11311', '-w', '3']]
[roslaunch.pmon][INFO] 2016-08-11 12:11:41,103: ProcessMonitor.register[master]
[roslaunch.pmon][INFO] 2016-08-11 12:11:41,104: ProcessMonitor.register[master] complete
[roslaunch][INFO] 2016-08-11 12:11:41,104: process[master]: starting os process
[roslaunch][INFO] 2016-08-11 12:11:41,104: process[master]: start w/ args [['rosmaster', '--core', '-p', '11311', '-w', '3', '__log:=/home/student/.ros/log/61180210-5fb4-11e6-a96f-00224d99020d/master.log']]
[roslaunch][INFO] 2016-08-11 12:11:41,104: process[master]: cwd will be [/home/student/.ros]
[roslaunch][INFO] 2016-08-11 12:11:41,105: process[master]: started with pid [3773]
[roslaunch][INFO] 2016-08-11 12:11:41,106: master.is_running[http://localhost:11311]
[roslaunch][INFO] 2016-08-11 12:11:41,206: master.is_running[http://localhost:11311]
[roslaunch][INFO] 2016-08-11 12:11:41,307: master.is_running[http://localhost:11311]
[roslaunch][INFO] 2016-08-11 12:11:41,309: master.is_running[http://localhost:11311]
[roslaunch][INFO] 2016-08-11 12:11:41,311: ROS_MASTER_URI=http://localhost:11311
[roslaunch][INFO] 2016-08-11 12:11:41,313: setting /run_id to 61180210-5fb4-11e6-a96f-00224d99020d
[roslaunch][INFO] 2016-08-11 12:11:41,314: setting /roslaunch/uris/host_smb303b__44744' to http://SMB303B:44744/
[roslaunch][INFO] 2016-08-11 12:11:41,318: ... preparing to launch node of type [rosout/rosout]
[roslaunch][INFO] 2016-08-11 12:11:41,318: create_node_process: package[rosout] type[rosout] machine[Machine(name[] env_loader[None] address[localhost] ssh_port[22] user[None] assignable[True] timeout[10.0])] master_uri[http://localhost:11311]
[roslaunch][INFO] 2016-08-11 12:11:41,318: process[rosout-1]: env[{'QT_QPA_PLATFORMTHEME': 'appmenu-qt5', 'ROS_DISTRO': 'indigo', 'XDG_GREETER_DATA_DIR': '/var/lib/lightdm-data/student', 'GNOME_DESKTOP_SESSION_ID': 'this-is-deprecated', 'LESSOPEN': '| /usr/bin/lesspipe %s', 'XDG_SEAT_PATH': '/org/freedesktop/DisplayManager/Seat0', 'ROSLISP_PACKAGE_DIRECTORIES': '', 'CPATH': '/opt/ros/indigo/include', 'LOGNAME': 'student', 'XDG_SEAT': 'seat0', 'PATH': '/opt/ros/indigo/bin:/usr/local/sbin:/usr/local/bin:/usr/sbin:/usr/bin:/sbin:/bin:/usr/games:/usr/local/games', 'XDG_VTNR': '7', 'GNOME_KEYRING_CONTROL': '/run/user/1000/keyring-lKWCdf', 'CMAKE_PREFIX_PATH': '/opt/ros/indigo', 'LD_LIBRARY_PATH': '/opt/ros/indigo/lib:/opt/ros/indigo/lib/x86_64-linux-gnu', 'LANG': 'en_GB.UTF-8', 'TERM': 'xterm', 'SHELL': '/bin/bash', 'XDG_SESSION_PATH': '/org/freedesktop/DisplayManager/Session0', 'XAUTHORITY': '/home/student/.Xauthority', 'LANGUAGE': 'en_GB:en', 'SESSION_MANAGER': 'local/SMB303B:@/tmp/.ICE-unix/1749,unix/SMB303B:/tmp/.ICE-unix/1749', 'SHLVL': '1', 'MANDATORY_PATH': '/usr/share/gconf/ubuntu.mandatory.path', 'CLUTTER_IM_MODULE': 'xim', 'ROS_LOG_FILENAME': '/home/student/.ros/log/61180210-5fb4-11e6-a96f-00224d99020d/roslaunch-SMB303B-3761.log', 'TEXTDOMAIN': 'im-config', 'JOB': 'dbus', 'WINDOWID': '60817419', 'SESSIONTYPE': 'gnome-session', 'XMODIFIERS': '@im=ibus', 'ROS_MASTER_URI': 'http://localhost:11311', 'GPG_AGENT_INFO': '/run/user/1000/keyring-lKWCdf/gpg:0:1', 'HOME': '/home/student', 'QT4_IM_MODULE': 'xim', 'SELINUX_INIT': 'YES', 'SSH_AUTH_SOCK': '/run/user/1000/keyring-lKWCdf/ssh', 'XDG_RUNTIME_DIR': '/run/user/1000', 'GTK_IM_MODULE': 'ibus', 'PYTHONPATH': '/opt/ros/indigo/lib/python2.7/dist-packages', 'COMPIZ_CONFIG_PROFILE': 'ubuntu', 'COMPIZ_BIN_PATH': '/usr/bin/', 'VTE_VERSION': '3409', 'ROS_ROOT': '/opt/ros/indigo/share/ros', 'GDMSESSION': 'ubuntu', 'IM_CONFIG_PHASE': '1', 'TEXTDOMAINDIR': '/usr/share/locale/', 'XDG_DATA_DIRS': '/usr/share/ubuntu:/usr/share/gnome:/usr/local/share/:/usr/share/', 'PKG_CONFIG_PATH': '/opt/ros/indigo/lib/pkgconfig:/opt/ros/indigo/lib/x86_64-linux-gnu/pkgconfig', 'ROS_PACKAGE_PATH': '/opt/ros/indigo/share:/opt/ros/indigo/stacks', 'XDG_CURRENT_DESKTOP': 'Unity', 'XDG_SESSION_ID': 'c2', 'DBUS_SESSION_BUS_ADDRESS': 'unix:abstract=/tmp/dbus-sguldYKGth', '_': '/opt/ros/indigo/bin/roslaunch', 'DEFAULTS_PATH': '/usr/share/gconf/ubuntu.default.path', 'SESSION': 'ubuntu', 'DESKTOP_SESSION': 'ubuntu', 'UPSTART_SESSION': 'unix:abstract=/com/ubuntu/upstart-session/1000/1633', 'LESSCLOSE': '/usr/bin/lesspipe %s %s', 'GNOME_KEYRING_PID': '1598', 'LS_COLORS': 'rs=0:di=01;34:ln=01;36:mh=00:pi=40;33:so=01;35:do=01;35:bd=40;33;01:cd=40;33;01:or=40;31;01:su=37;41:sg=30;43:ca=30;41:tw=30;42:ow=34;42:st=37;44:ex=01;32:*.tar=01;31:*.tgz=01;31:*.arj=01;31:*.taz=01;31:*.lzh=01;31:*.lzma=01;31:*.tlz=01;31:*.txz=01;31:*.zip=01;31:*.z=01;31:*.Z=01;31:*.dz=01;31:*.gz=01;31:*.lz=01;31:*.xz=01;31:*.bz2=01;31:*.bz=01;31:*.tbz=01;31:*.tbz2=01;31:*.tz=01;31:*.deb=01;31:*.rpm=01;31:*.jar=01;31:*.war=01;31:*.ear=01;31:*.sar=01;31:*.rar=01;31:*.ace=01;31:*.zoo=01;31:*.cpio=01;31:*.7z=01;31:*.rz=01;31:*.jpg=01;35:*.jpeg=01;35:*.gif=01;35:*.bmp=01;35:*.pbm=01;35:*.pgm=01;35:*.ppm=01;35:*.tga=01;35:*.xbm=01;35:*.xpm=01;35:*.tif=01;35:*.tiff=01;35:*.png=01;35:*.svg=01;35:*.svgz=01;35:*.mng=01;35:*.pcx=01;35:*.mov=01;35:*.mpg=01;35:*.mpeg=01;35:*.m2v=01;35:*.mkv=01;35:*.webm=01;35:*.ogm=01;35:*.mp4=01;35:*.m4v=01;35:*.mp4v=01;35:*.vob=01;35:*.qt=01;35:*.nuv=01;35:*.wmv=01;35:*.asf=01;35:*.rm=01;35:*.rmvb=01;35:*.flc=01;35:*.avi=01;35:*.fli=01;35:*.flv=01;35:*.gl=01;35:*.dl=01;35:*.xcf=01;35:*.xwd=01;35:*.yuv=01;35:*.cgm=01;35:*.emf=01;35:*.axv=01;35:*.anx=01;35:*.ogv=01;35:*.ogx=01;35:*.aac=00;36:*.au=00;36:*.flac=00;36:*.mid=00;36:*.midi=00;36:*.mka=00;36:*.mp3=00;36:*.mpc=00;36:*.ogg=00;36:*.ra=00;36:*.wav=00;36:*.axa=00;36:*.oga=00;36:*.spx=00;36:*.xspf=00;36:', 'GDM_LANG': 'en_GB', 'GTK_MODULES': 'overlay-scrollbar:unity-gtk-module', 'INSTANCE': '', 'PWD': '/home/student', 'QT_IM_MODULE': 'ibus', 'ROS_ETC_DIR': '/opt/ros/indigo/etc/ros', 'COLORTERM': 'gnome-terminal', 'DISPLAY': ':0', 'XDG_MENU_PREFIX': 'gnome-', 'XDG_CONFIG_DIRS': '/etc/xdg/xdg-ubuntu:/usr/share/upstart/xdg:/etc/xdg', 'USER': 'student'}]
[roslaunch][INFO] 2016-08-11 12:11:41,359: process[rosout-1]: args[[u'/opt/ros/indigo/lib/rosout/rosout', u'__name:=rosout']]
[roslaunch][INFO] 2016-08-11 12:11:41,359: ... created process [rosout-1]
[roslaunch.pmon][INFO] 2016-08-11 12:11:41,359: ProcessMonitor.register[rosout-1]
[roslaunch.pmon][INFO] 2016-08-11 12:11:41,360: ProcessMonitor.register[rosout-1] complete
[roslaunch][INFO] 2016-08-11 12:11:41,360: ... registered process [rosout-1]
[roslaunch][INFO] 2016-08-11 12:11:41,360: process[rosout-1]: starting os process
[roslaunch][INFO] 2016-08-11 12:11:41,360: process[rosout-1]: start w/ args [[u'/opt/ros/indigo/lib/rosout/rosout', u'__name:=rosout', u'__log:=/home/student/.ros/log/61180210-5fb4-11e6-a96f-00224d99020d/rosout-1.log']]
[roslaunch][INFO] 2016-08-11 12:11:41,360: process[rosout-1]: cwd will be [/home/student/.ros]
[roslaunch][INFO] 2016-08-11 12:11:41,362: process[rosout-1]: started with pid [3786]
[roslaunch][INFO] 2016-08-11 12:11:41,362: ... successfully launched [rosout-1]
[roslaunch][INFO] 2016-08-11 12:11:41,363: load_parameters starting ...
[roslaunch][INFO] 2016-08-11 12:11:41,366: ... load_parameters complete
[roslaunch][INFO] 2016-08-11 12:11:41,366: launch_nodes: launching local nodes ...
[roslaunch][INFO] 2016-08-11 12:11:41,366: ... preparing to launch node of type [moveit_setup_assistant/moveit_setup_assistant]
[roslaunch][INFO] 2016-08-11 12:11:41,367: create_node_process: package[moveit_setup_assistant] type[moveit_setup_assistant] machine[Machine(name[] env_loader[None] address[localhost] ssh_port[22] user[None] assignable[True] timeout[10.0])] master_uri[http://localhost:11311]
[roslaunch][INFO] 2016-08-11 12:11:41,367: process[moveit_setup_assistant-2]: env[{'QT_QPA_PLATFORMTHEME': 'appmenu-qt5', 'ROS_DISTRO': 'indigo', 'XDG_GREETER_DATA_DIR': '/var/lib/lightdm-data/student', 'GNOME_DESKTOP_SESSION_ID': 'this-is-deprecated', 'LESSOPEN': '| /usr/bin/lesspipe %s', 'XDG_SEAT_PATH': '/org/freedesktop/DisplayManager/Seat0', 'ROSLISP_PACKAGE_DIRECTORIES': '', 'CPATH': '/opt/ros/indigo/include', 'LOGNAME': 'student', 'XDG_SEAT': 'seat0', 'PATH': '/opt/ros/indigo/bin:/usr/local/sbin:/usr/local/bin:/usr/sbin:/usr/bin:/sbin:/bin:/usr/games:/usr/local/games', 'XDG_VTNR': '7', 'GNOME_KEYRING_CONTROL': '/run/user/1000/keyring-lKWCdf', 'CMAKE_PREFIX_PATH': '/opt/ros/indigo', 'LD_LIBRARY_PATH': '/opt/ros/indigo/lib:/opt/ros/indigo/lib/x86_64-linux-gnu', 'LANG': 'en_GB.UTF-8', 'TERM': 'xterm', 'SHELL': '/bin/bash', 'XDG_SESSION_PATH': '/org/freedesktop/DisplayManager/Session0', 'XAUTHORITY': '/home/student/.Xauthority', 'LANGUAGE': 'en_GB:en', 'SESSION_MANAGER': 'local/SMB303B:@/tmp/.ICE-unix/1749,unix/SMB303B:/tmp/.ICE-unix/1749', 'SHLVL': '1', 'MANDATORY_PATH': '/usr/share/gconf/ubuntu.mandatory.path', 'CLUTTER_IM_MODULE': 'xim', 'ROS_LOG_FILENAME': '/home/student/.ros/log/61180210-5fb4-11e6-a96f-00224d99020d/roslaunch-SMB303B-3761.log', 'TEXTDOMAIN': 'im-config', 'JOB': 'dbus', 'WINDOWID': '60817419', 'SESSIONTYPE': 'gnome-session', 'XMODIFIERS': '@im=ibus', 'ROS_MASTER_URI': 'http://localhost:11311', 'GPG_AGENT_INFO': '/run/user/1000/keyring-lKWCdf/gpg:0:1', 'HOME': '/home/student', 'QT4_IM_MODULE': 'xim', 'SELINUX_INIT': 'YES', 'SSH_AUTH_SOCK': '/run/user/1000/keyring-lKWCdf/ssh', 'XDG_RUNTIME_DIR': '/run/user/1000', 'GTK_IM_MODULE': 'ibus', 'PYTHONPATH': '/opt/ros/indigo/lib/python2.7/dist-packages', 'COMPIZ_CONFIG_PROFILE': 'ubuntu', 'COMPIZ_BIN_PATH': '/usr/bin/', 'VTE_VERSION': '3409', 'ROS_ROOT': '/opt/ros/indigo/share/ros', 'GDMSESSION': 'ubuntu', 'IM_CONFIG_PHASE': '1', 'TEXTDOMAINDIR': '/usr/share/locale/', 'XDG_DATA_DIRS': '/usr/share/ubuntu:/usr/share/gnome:/usr/local/share/:/usr/share/', 'PKG_CONFIG_PATH': '/opt/ros/indigo/lib/pkgconfig:/opt/ros/indigo/lib/x86_64-linux-gnu/pkgconfig', 'ROS_PACKAGE_PATH': '/opt/ros/indigo/share:/opt/ros/indigo/stacks', 'XDG_CURRENT_DESKTOP': 'Unity', 'XDG_SESSION_ID': 'c2', 'DBUS_SESSION_BUS_ADDRESS': 'unix:abstract=/tmp/dbus-sguldYKGth', '_': '/opt/ros/indigo/bin/roslaunch', 'DEFAULTS_PATH': '/usr/share/gconf/ubuntu.default.path', 'SESSION': 'ubuntu', 'DESKTOP_SESSION': 'ubuntu', 'UPSTART_SESSION': 'unix:abstract=/com/ubuntu/upstart-session/1000/1633', 'LESSCLOSE': '/usr/bin/lesspipe %s %s', 'GNOME_KEYRING_PID': '1598', 'LS_COLORS': 'rs=0:di=01;34:ln=01;36:mh=00:pi=40;33:so=01;35:do=01;35:bd=40;33;01:cd=40;33;01:or=40;31;01:su=37;41:sg=30;43:ca=30;41:tw=30;42:ow=34;42:st=37;44:ex=01;32:*.tar=01;31:*.tgz=01;31:*.arj=01;31:*.taz=01;31:*.lzh=01;31:*.lzma=01;31:*.tlz=01;31:*.txz=01;31:*.zip=01;31:*.z=01;31:*.Z=01;31:*.dz=01;31:*.gz=01;31:*.lz=01;31:*.xz=01;31:*.bz2=01;31:*.bz=01;31:*.tbz=01;31:*.tbz2=01;31:*.tz=01;31:*.deb=01;31:*.rpm=01;31:*.jar=01;31:*.war=01;31:*.ear=01;31:*.sar=01;31:*.rar=01;31:*.ace=01;31:*.zoo=01;31:*.cpio=01;31:*.7z=01;31:*.rz=01;31:*.jpg=01;35:*.jpeg=01;35:*.gif=01;35:*.bmp=01;35:*.pbm=01;35:*.pgm=01;35:*.ppm=01;35:*.tga=01;35:*.xbm=01;35:*.xpm=01;35:*.tif=01;35:*.tiff=01;35:*.png=01;35:*.svg=01;35:*.svgz=01;35:*.mng=01;35:*.pcx=01;35:*.mov=01;35:*.mpg=01;35:*.mpeg=01;35:*.m2v=01;35:*.mkv=01;35:*.webm=01;35:*.ogm=01;35:*.mp4=01;35:*.m4v=01;35:*.mp4v=01;35:*.vob=01;35:*.qt=01;35:*.nuv=01;35:*.wmv=01;35:*.asf=01;35:*.rm=01;35:*.rmvb=01;35:*.flc=01;35:*.avi=01;35:*.fli=01;35:*.flv=01;35:*.gl=01;35:*.dl=01;35:*.xcf=01;35:*.xwd=01;35:*.yuv=01;35:*.cgm=01;35:*.emf=01;35:*.axv=01;35:*.anx=01;35:*.ogv=01;35:*.ogx=01;35:*.aac=00;36:*.au=00;36:*.flac=00;36:*.mid=00;36:*.midi=00;36:*.mka=00;36:*.mp3=00;36:*.mpc=00;36:*.ogg=00;36:*.ra=00;36:*.wav=00;36:*.axa=00;36:*.oga=00;36:*.spx=00;36:*.xspf=00;36:', 'GDM_LANG': 'en_GB', 'GTK_MODULES': 'overlay-scrollbar:unity-gtk-module', 'INSTANCE': '', 'PWD': '/home/student', 'QT_IM_MODULE': 'ibus', 'ROS_ETC_DIR': '/opt/ros/indigo/etc/ros', 'COLORTERM': 'gnome-terminal', 'DISPLAY': ':0', 'XDG_MENU_PREFIX': 'gnome-', 'XDG_CONFIG_DIRS': '/etc/xdg/xdg-ubuntu:/usr/share/upstart/xdg:/etc/xdg', 'USER': 'student'}]
[roslaunch][INFO] 2016-08-11 12:11:41,368: process[moveit_setup_assistant-2]: args[[u'/opt/ros/indigo/lib/moveit_setup_assistant/moveit_setup_assistant', u'__name:=moveit_setup_assistant']]
[roslaunch][INFO] 2016-08-11 12:11:41,369: ... created process [moveit_setup_assistant-2]
[roslaunch.pmon][INFO] 2016-08-11 12:11:41,369: ProcessMonitor.register[moveit_setup_assistant-2]
[roslaunch.pmon][INFO] 2016-08-11 12:11:41,369: ProcessMonitor.register[moveit_setup_assistant-2] complete
[roslaunch][INFO] 2016-08-11 12:11:41,369: ... registered process [moveit_setup_assistant-2]
[roslaunch][INFO] 2016-08-11 12:11:41,369: process[moveit_setup_assistant-2]: starting os process
[roslaunch][INFO] 2016-08-11 12:11:41,369: process[moveit_setup_assistant-2]: start w/ args [[u'/opt/ros/indigo/lib/moveit_setup_assistant/moveit_setup_assistant', u'__name:=moveit_setup_assistant', u'__log:=/home/student/.ros/log/61180210-5fb4-11e6-a96f-00224d99020d/moveit_setup_assistant-2.log']]
[roslaunch][INFO] 2016-08-11 12:11:41,369: process[moveit_setup_assistant-2]: cwd will be [/home/student/.ros]
[roslaunch][INFO] 2016-08-11 12:11:41,372: process[moveit_setup_assistant-2]: started with pid [3790]
[roslaunch][INFO] 2016-08-11 12:11:41,372: ... successfully launched [moveit_setup_assistant-2]
[roslaunch][INFO] 2016-08-11 12:11:41,372: ... launch_nodes complete
[roslaunch.pmon][INFO] 2016-08-11 12:11:41,372: registrations completed <ProcessMonitor(ProcessMonitor-1, started daemon 140604996155136)>
[roslaunch.parent][INFO] 2016-08-11 12:11:41,372: ... roslaunch parent running, waiting for process exit
[roslaunch][INFO] 2016-08-11 12:11:41,372: spin
[roslaunch][ERROR] 2016-08-11 12:11:49,906: ================================================================================REQUIRED process [moveit_setup_assistant-2] has died!
process has finished cleanly
log file: /home/student/.ros/log/61180210-5fb4-11e6-a96f-00224d99020d/moveit_setup_assistant-2*.log
Initiating shutdown!
================================================================================
[roslaunch.pmon][INFO] 2016-08-11 12:11:50,006: ProcessMonitor._post_run <ProcessMonitor(ProcessMonitor-1, started daemon 140604996155136)>
[roslaunch.pmon][INFO] 2016-08-11 12:11:50,007: ProcessMonitor._post_run <ProcessMonitor(ProcessMonitor-1, started daemon 140604996155136)>: remaining procs are [<roslaunch.nodeprocess.LocalProcess object at 0x7fe1279ebc10>, <roslaunch.nodeprocess.LocalProcess object at 0x7fe1279ebf90>, <roslaunch.nodeprocess.LocalProcess object at 0x7fe1279ebf50>]
[roslaunch.pmon][INFO] 2016-08-11 12:11:50,007: ProcessMonitor exit: killing moveit_setup_assistant-2
[roslaunch][INFO] 2016-08-11 12:11:50,008: [moveit_setup_assistant-2] killing on exit
[roslaunch.pmon][INFO] 2016-08-11 12:11:50,009: ProcessMonitor exit: killing rosout-1
[roslaunch][INFO] 2016-08-11 12:11:50,009: [rosout-1] killing on exit
[roslaunch][INFO] 2016-08-11 12:11:50,009: process[rosout-1]: killing os process with pid[3786] pgid[3786]
[roslaunch][INFO] 2016-08-11 12:11:50,009: [rosout-1] sending SIGINT to pgid [3786]
[roslaunch][INFO] 2016-08-11 12:11:50,009: [rosout-1] sent SIGINT to pgid [3786]
[roslaunch][INFO] 2016-08-11 12:11:50,210: process[rosout-1]: SIGINT killed with return value 0
[roslaunch.pmon][INFO] 2016-08-11 12:11:50,210: ProcessMonitor exit: killing master
[roslaunch][INFO] 2016-08-11 12:11:50,210: [master] killing on exit
[roslaunch][INFO] 2016-08-11 12:11:50,210: process[master]: killing os process with pid[3773] pgid[3773]
[roslaunch][INFO] 2016-08-11 12:11:50,210: [master] sending SIGINT to pgid [3773]
[roslaunch][INFO] 2016-08-11 12:11:50,210: [master] sent SIGINT to pgid [3773]
[roslaunch][INFO] 2016-08-11 12:11:50,411: process[master]: SIGINT killed with return value 0
[roslaunch.pmon][INFO] 2016-08-11 12:11:50,411: ProcessMonitor exit: cleaning up data structures and signals
[roslaunch.pmon][INFO] 2016-08-11 12:11:50,411: ProcessMonitor exit: pmon has shutdown
[roslaunch][INFO] 2016-08-11 12:11:50,485: process monitor is done spinning, initiating full shutdown
[roslaunch][INFO] 2016-08-11 12:11:50,485: runner.stop()
[roslaunch][INFO] 2016-08-11 12:11:50,485: shutting down processing monitor...
[roslaunch][INFO] 2016-08-11 12:11:50,485: shutting down processing monitor <ProcessMonitor(ProcessMonitor-1, stopped daemon 140604996155136)>
[roslaunch.pmon][INFO] 2016-08-11 12:11:50,486: ProcessMonitor.shutdown <ProcessMonitor(ProcessMonitor-1, stopped daemon 140604996155136)>
[roslaunch][INFO] 2016-08-11 12:11:50,486: ... shutting down processing monitor complete
[roslaunch][INFO] 2016-08-11 12:11:50,486: done
[roslaunch.pmon][INFO] 2016-08-11 12:11:50,486: ProcessMonitor.shutdown <ProcessMonitor(ProcessMonitor-1, stopped daemon 140604996155136)>
[rospy.core][INFO] 2016-08-11 12:11:50,486: signal_shutdown [atexit]
