[roslaunch][INFO] 2016-08-11 11:59:50,549: Checking log directory for disk usage. This may take awhile.
Press Ctrl-C to interrupt
[roslaunch][INFO] 2016-08-11 11:59:50,570: Done checking log file disk usage. Usage is <1GB.
[roslaunch][INFO] 2016-08-11 11:59:50,570: roslaunch starting with args ['roscore', '--core']
[roslaunch][INFO] 2016-08-11 11:59:50,570: roslaunch env is {'MANDATORY_PATH': '/usr/share/gconf/ubuntu.mandatory.path', 'ROS_DISTRO': 'indigo', 'ROS_LOG_FILENAME': '/home/student/.ros/log/b9a56df2-5fb2-11e6-8a1d-00224d99020d/roslaunch-SMB303B-535.log', 'XDG_GREETER_DATA_DIR': '/var/lib/lightdm-data/student', 'GNOME_DESKTOP_SESSION_ID': 'this-is-deprecated', 'LESSOPEN': '| /usr/bin/lesspipe %s', 'PKG_CONFIG_PATH': '/opt/ros/indigo/lib/pkgconfig', 'ROSLISP_PACKAGE_DIRECTORIES': '', 'CPATH': '/opt/ros/indigo/include', 'LOGNAME': 'student', 'WINDOWID': '60817419', 'PATH': '/opt/ros/indigo/bin:/usr/local/sbin:/usr/local/bin:/usr/sbin:/usr/bin:/sbin:/bin:/usr/games:/usr/local/games', 'XDG_VTNR': '7', 'GNOME_KEYRING_CONTROL': '/run/user/1000/keyring-lKWCdf', 'CMAKE_PREFIX_PATH': '/opt/ros/indigo', 'LD_LIBRARY_PATH': '/opt/ros/indigo/lib', 'LANG': 'en_GB.UTF-8', 'TERM': 'xterm', 'SHELL': '/bin/bash', 'XDG_SESSION_PATH': '/org/freedesktop/DisplayManager/Session0', 'XAUTHORITY': '/home/student/.Xauthority', 'LANGUAGE': 'en_GB:en', 'SESSION_MANAGER': 'local/SMB303B:@/tmp/.ICE-unix/1749,unix/SMB303B:/tmp/.ICE-unix/1749', 'SHLVL': '1', 'LESSCLOSE': '/usr/bin/lesspipe %s %s', 'QT_QPA_PLATFORMTHEME': 'appmenu-qt5', 'JOB': 'dbus', 'TEXTDOMAIN': 'im-config', 'QT4_IM_MODULE': 'xim', 'CLUTTER_IM_MODULE': 'xim', 'SESSION': 'ubuntu', 'SESSIONTYPE': 'gnome-session', 'XMODIFIERS': '@im=ibus', 'ROS_ETC_DIR': '/opt/ros/indigo/etc/ros', 'GPG_AGENT_INFO': '/run/user/1000/keyring-lKWCdf/gpg:0:1', 'HOME': '/home/student', 'SELINUX_INIT': 'YES', 'COMPIZ_BIN_PATH': '/usr/bin/', 'XDG_RUNTIME_DIR': '/run/user/1000', 'INSTANCE': '', 'PYTHONPATH': '/opt/ros/indigo/lib/python2.7/dist-packages', 'COMPIZ_CONFIG_PROFILE': 'ubuntu', 'SSH_AUTH_SOCK': '/run/user/1000/keyring-lKWCdf/ssh', 'VTE_VERSION': '3409', 'ROS_ROOT': '/opt/ros/indigo/share/ros', 'GDMSESSION': 'ubuntu', 'IM_CONFIG_PHASE': '1', 'TEXTDOMAINDIR': '/usr/share/locale/', 'GNOME_KEYRING_PID': '1598', 'XDG_SEAT_PATH': '/org/freedesktop/DisplayManager/Seat0', 'ROS_PACKAGE_PATH': '/opt/ros/indigo/share:/opt/ros/indigo/stacks', 'XDG_CURRENT_DESKTOP': 'Unity', 'XDG_SESSION_ID': 'c2', 'DBUS_SESSION_BUS_ADDRESS': 'unix:abstract=/tmp/dbus-sguldYKGth', '_': '/opt/ros/indigo/bin/roscore', 'DEFAULTS_PATH': '/usr/share/gconf/ubuntu.default.path', 'GTK_IM_MODULE': 'ibus', 'DESKTOP_SESSION': 'ubuntu', 'UPSTART_SESSION': 'unix:abstract=/com/ubuntu/upstart-session/1000/1633', 'XDG_CONFIG_DIRS': '/etc/xdg/xdg-ubuntu:/usr/share/upstart/xdg:/etc/xdg', 'GTK_MODULES': 'overlay-scrollbar:unity-gtk-module', 'XDG_SEAT': 'seat0', 'GDM_LANG': 'en_GB', 'XDG_DATA_DIRS': '/usr/share/ubuntu:/usr/share/gnome:/usr/local/share/:/usr/share/', 'PWD': '/home/student', 'QT_IM_MODULE': 'ibus', 'ROS_MASTER_URI': 'http://localhost:11311', 'COLORTERM': 'gnome-terminal', 'DISPLAY': ':0', 'XDG_MENU_PREFIX': 'gnome-', 'LS_COLORS': 'rs=0:di=01;34:ln=01;36:mh=00:pi=40;33:so=01;35:do=01;35:bd=40;33;01:cd=40;33;01:or=40;31;01:su=37;41:sg=30;43:ca=30;41:tw=30;42:ow=34;42:st=37;44:ex=01;32:*.tar=01;31:*.tgz=01;31:*.arj=01;31:*.taz=01;31:*.lzh=01;31:*.lzma=01;31:*.tlz=01;31:*.txz=01;31:*.zip=01;31:*.z=01;31:*.Z=01;31:*.dz=01;31:*.gz=01;31:*.lz=01;31:*.xz=01;31:*.bz2=01;31:*.bz=01;31:*.tbz=01;31:*.tbz2=01;31:*.tz=01;31:*.deb=01;31:*.rpm=01;31:*.jar=01;31:*.war=01;31:*.ear=01;31:*.sar=01;31:*.rar=01;31:*.ace=01;31:*.zoo=01;31:*.cpio=01;31:*.7z=01;31:*.rz=01;31:*.jpg=01;35:*.jpeg=01;35:*.gif=01;35:*.bmp=01;35:*.pbm=01;35:*.pgm=01;35:*.ppm=01;35:*.tga=01;35:*.xbm=01;35:*.xpm=01;35:*.tif=01;35:*.tiff=01;35:*.png=01;35:*.svg=01;35:*.svgz=01;35:*.mng=01;35:*.pcx=01;35:*.mov=01;35:*.mpg=01;35:*.mpeg=01;35:*.m2v=01;35:*.mkv=01;35:*.webm=01;35:*.ogm=01;35:*.mp4=01;35:*.m4v=01;35:*.mp4v=01;35:*.vob=01;35:*.qt=01;35:*.nuv=01;35:*.wmv=01;35:*.asf=01;35:*.rm=01;35:*.rmvb=01;35:*.flc=01;35:*.avi=01;35:*.fli=01;35:*.flv=01;35:*.gl=01;35:*.dl=01;35:*.xcf=01;35:*.xwd=01;35:*.yuv=01;35:*.cgm=01;35:*.emf=01;35:*.axv=01;35:*.anx=01;35:*.ogv=01;35:*.ogx=01;35:*.aac=00;36:*.au=00;36:*.flac=00;36:*.mid=00;36:*.midi=00;36:*.mka=00;36:*.mp3=00;36:*.mpc=00;36:*.ogg=00;36:*.ra=00;36:*.wav=00;36:*.axa=00;36:*.oga=00;36:*.spx=00;36:*.xspf=00;36:', 'USER': 'student'}
[roslaunch][INFO] 2016-08-11 11:59:50,570: starting in server mode
[roslaunch.parent][INFO] 2016-08-11 11:59:50,571: starting roslaunch parent run
[roslaunch][INFO] 2016-08-11 11:59:50,571: loading roscore config file /opt/ros/indigo/etc/ros/roscore.xml
[roslaunch][INFO] 2016-08-11 11:59:50,678: Added core node of type [rosout/rosout] in namespace [/]
[roslaunch.pmon][INFO] 2016-08-11 11:59:50,679: start_process_monitor: creating ProcessMonitor
[roslaunch.pmon][INFO] 2016-08-11 11:59:50,679: created process monitor <ProcessMonitor(ProcessMonitor-1, initial daemon)>
[roslaunch.pmon][INFO] 2016-08-11 11:59:50,679: start_process_monitor: ProcessMonitor started
[roslaunch.parent][INFO] 2016-08-11 11:59:50,679: starting parent XML-RPC server
[roslaunch.server][INFO] 2016-08-11 11:59:50,679: starting roslaunch XML-RPC server
[roslaunch.server][INFO] 2016-08-11 11:59:50,679: waiting for roslaunch XML-RPC server to initialize
[xmlrpc][INFO] 2016-08-11 11:59:50,680: XML-RPC server binding to 0.0.0.0:0
[xmlrpc][INFO] 2016-08-11 11:59:50,680: Started XML-RPC server [http://SMB303B:43675/]
[xmlrpc][INFO] 2016-08-11 11:59:50,680: xml rpc node: starting XML-RPC server
[roslaunch][INFO] 2016-08-11 11:59:50,691: started roslaunch server http://SMB303B:43675/
[roslaunch.parent][INFO] 2016-08-11 11:59:50,691: ... parent XML-RPC server started
[roslaunch][INFO] 2016-08-11 11:59:50,691: master.is_running[http://SMB303B:11311/]
[roslaunch][INFO] 2016-08-11 11:59:50,692: auto-starting new master
[roslaunch][INFO] 2016-08-11 11:59:50,692: create_master_process: rosmaster, /opt/ros/indigo/share/ros, 11311, 3, None
[roslaunch][INFO] 2016-08-11 11:59:50,692: process[master]: launching with args [['rosmaster', '--core', '-p', '11311', '-w', '3']]
[roslaunch.pmon][INFO] 2016-08-11 11:59:50,693: ProcessMonitor.register[master]
[roslaunch.pmon][INFO] 2016-08-11 11:59:50,693: ProcessMonitor.register[master] complete
[roslaunch][INFO] 2016-08-11 11:59:50,693: process[master]: starting os process
[roslaunch][INFO] 2016-08-11 11:59:50,693: process[master]: start w/ args [['rosmaster', '--core', '-p', '11311', '-w', '3', '__log:=/home/student/.ros/log/b9a56df2-5fb2-11e6-8a1d-00224d99020d/master.log']]
[roslaunch][INFO] 2016-08-11 11:59:50,693: process[master]: cwd will be [/home/student/.ros]
[roslaunch][INFO] 2016-08-11 11:59:50,695: process[master]: started with pid [548]
[roslaunch][INFO] 2016-08-11 11:59:50,695: master.is_running[http://SMB303B:11311/]
[roslaunch][INFO] 2016-08-11 11:59:50,795: master.is_running[http://SMB303B:11311/]
[roslaunch][INFO] 2016-08-11 11:59:50,896: master.is_running[http://SMB303B:11311/]
[roslaunch][INFO] 2016-08-11 11:59:50,898: master.is_running[http://SMB303B:11311/]
[roslaunch][INFO] 2016-08-11 11:59:50,898: ROS_MASTER_URI=http://SMB303B:11311/
[roslaunch][INFO] 2016-08-11 11:59:50,900: setting /run_id to b9a56df2-5fb2-11e6-8a1d-00224d99020d
[roslaunch][INFO] 2016-08-11 11:59:50,901: setting /roslaunch/uris/host_smb303b__43675' to http://SMB303B:43675/
[roslaunch][INFO] 2016-08-11 11:59:50,903: ... preparing to launch node of type [rosout/rosout]
[roslaunch][INFO] 2016-08-11 11:59:50,903: create_node_process: package[rosout] type[rosout] machine[Machine(name[] env_loader[None] address[localhost] ssh_port[22] user[None] assignable[True] timeout[10.0])] master_uri[http://SMB303B:11311/]
[roslaunch][INFO] 2016-08-11 11:59:50,903: process[rosout-1]: env[{'QT_QPA_PLATFORMTHEME': 'appmenu-qt5', 'ROS_DISTRO': 'indigo', 'XDG_GREETER_DATA_DIR': '/var/lib/lightdm-data/student', 'GNOME_DESKTOP_SESSION_ID': 'this-is-deprecated', 'LESSOPEN': '| /usr/bin/lesspipe %s', 'XDG_SEAT_PATH': '/org/freedesktop/DisplayManager/Seat0', 'ROSLISP_PACKAGE_DIRECTORIES': '', 'CPATH': '/opt/ros/indigo/include', 'LOGNAME': 'student', 'XDG_SEAT': 'seat0', 'PATH': '/opt/ros/indigo/bin:/usr/local/sbin:/usr/local/bin:/usr/sbin:/usr/bin:/sbin:/bin:/usr/games:/usr/local/games', 'XDG_VTNR': '7', 'GNOME_KEYRING_CONTROL': '/run/user/1000/keyring-lKWCdf', 'CMAKE_PREFIX_PATH': '/opt/ros/indigo', 'LD_LIBRARY_PATH': '/opt/ros/indigo/lib', 'LANG': 'en_GB.UTF-8', 'TERM': 'xterm', 'SHELL': '/bin/bash', 'XDG_SESSION_PATH': '/org/freedesktop/DisplayManager/Session0', 'XAUTHORITY': '/home/student/.Xauthority', 'LANGUAGE': 'en_GB:en', 'SESSION_MANAGER': 'local/SMB303B:@/tmp/.ICE-unix/1749,unix/SMB303B:/tmp/.ICE-unix/1749', 'SHLVL': '1', 'MANDATORY_PATH': '/usr/share/gconf/ubuntu.mandatory.path', 'CLUTTER_IM_MODULE': 'xim', 'ROS_LOG_FILENAME': '/home/student/.ros/log/b9a56df2-5fb2-11e6-8a1d-00224d99020d/roslaunch-SMB303B-535.log', 'TEXTDOMAIN': 'im-config', 'JOB': 'dbus', 'WINDOWID': '60817419', 'SESSIONTYPE': 'gnome-session', 'XMODIFIERS': '@im=ibus', 'ROS_MASTER_URI': 'http://SMB303B:11311/', 'GPG_AGENT_INFO': '/run/user/1000/keyring-lKWCdf/gpg:0:1', 'HOME': '/home/student', 'QT4_IM_MODULE': 'xim', 'SELINUX_INIT': 'YES', 'SSH_AUTH_SOCK': '/run/user/1000/keyring-lKWCdf/ssh', 'XDG_RUNTIME_DIR': '/run/user/1000', 'GTK_IM_MODULE': 'ibus', 'PYTHONPATH': '/opt/ros/indigo/lib/python2.7/dist-packages', 'COMPIZ_CONFIG_PROFILE': 'ubuntu', 'COMPIZ_BIN_PATH': '/usr/bin/', 'VTE_VERSION': '3409', 'ROS_ROOT': '/opt/ros/indigo/share/ros', 'GDMSESSION': 'ubuntu', 'IM_CONFIG_PHASE': '1', 'TEXTDOMAINDIR': '/usr/share/locale/', 'XDG_DATA_DIRS': '/usr/share/ubuntu:/usr/share/gnome:/usr/local/share/:/usr/share/', 'PKG_CONFIG_PATH': '/opt/ros/indigo/lib/pkgconfig', 'ROS_PACKAGE_PATH': '/opt/ros/indigo/share:/opt/ros/indigo/stacks', 'XDG_CURRENT_DESKTOP': 'Unity', 'XDG_SESSION_ID': 'c2', 'DBUS_SESSION_BUS_ADDRESS': 'unix:abstract=/tmp/dbus-sguldYKGth', '_': '/opt/ros/indigo/bin/roscore', 'DEFAULTS_PATH': '/usr/share/gconf/ubuntu.default.path', 'SESSION': 'ubuntu', 'DESKTOP_SESSION': 'ubuntu', 'UPSTART_SESSION': 'unix:abstract=/com/ubuntu/upstart-session/1000/1633', 'LESSCLOSE': '/usr/bin/lesspipe %s %s', 'GNOME_KEYRING_PID': '1598', 'LS_COLORS': 'rs=0:di=01;34:ln=01;36:mh=00:pi=40;33:so=01;35:do=01;35:bd=40;33;01:cd=40;33;01:or=40;31;01:su=37;41:sg=30;43:ca=30;41:tw=30;42:ow=34;42:st=37;44:ex=01;32:*.tar=01;31:*.tgz=01;31:*.arj=01;31:*.taz=01;31:*.lzh=01;31:*.lzma=01;31:*.tlz=01;31:*.txz=01;31:*.zip=01;31:*.z=01;31:*.Z=01;31:*.dz=01;31:*.gz=01;31:*.lz=01;31:*.xz=01;31:*.bz2=01;31:*.bz=01;31:*.tbz=01;31:*.tbz2=01;31:*.tz=01;31:*.deb=01;31:*.rpm=01;31:*.jar=01;31:*.war=01;31:*.ear=01;31:*.sar=01;31:*.rar=01;31:*.ace=01;31:*.zoo=01;31:*.cpio=01;31:*.7z=01;31:*.rz=01;31:*.jpg=01;35:*.jpeg=01;35:*.gif=01;35:*.bmp=01;35:*.pbm=01;35:*.pgm=01;35:*.ppm=01;35:*.tga=01;35:*.xbm=01;35:*.xpm=01;35:*.tif=01;35:*.tiff=01;35:*.png=01;35:*.svg=01;35:*.svgz=01;35:*.mng=01;35:*.pcx=01;35:*.mov=01;35:*.mpg=01;35:*.mpeg=01;35:*.m2v=01;35:*.mkv=01;35:*.webm=01;35:*.ogm=01;35:*.mp4=01;35:*.m4v=01;35:*.mp4v=01;35:*.vob=01;35:*.qt=01;35:*.nuv=01;35:*.wmv=01;35:*.asf=01;35:*.rm=01;35:*.rmvb=01;35:*.flc=01;35:*.avi=01;35:*.fli=01;35:*.flv=01;35:*.gl=01;35:*.dl=01;35:*.xcf=01;35:*.xwd=01;35:*.yuv=01;35:*.cgm=01;35:*.emf=01;35:*.axv=01;35:*.anx=01;35:*.ogv=01;35:*.ogx=01;35:*.aac=00;36:*.au=00;36:*.flac=00;36:*.mid=00;36:*.midi=00;36:*.mka=00;36:*.mp3=00;36:*.mpc=00;36:*.ogg=00;36:*.ra=00;36:*.wav=00;36:*.axa=00;36:*.oga=00;36:*.spx=00;36:*.xspf=00;36:', 'GDM_LANG': 'en_GB', 'GTK_MODULES': 'overlay-scrollbar:unity-gtk-module', 'INSTANCE': '', 'PWD': '/home/student', 'QT_IM_MODULE': 'ibus', 'ROS_ETC_DIR': '/opt/ros/indigo/etc/ros', 'COLORTERM': 'gnome-terminal', 'DISPLAY': ':0', 'XDG_MENU_PREFIX': 'gnome-', 'XDG_CONFIG_DIRS': '/etc/xdg/xdg-ubuntu:/usr/share/upstart/xdg:/etc/xdg', 'USER': 'student'}]
[roslaunch][INFO] 2016-08-11 11:59:50,923: process[rosout-1]: args[[u'/opt/ros/indigo/lib/rosout/rosout', u'__name:=rosout']]
[roslaunch][INFO] 2016-08-11 11:59:50,924: ... created process [rosout-1]
[roslaunch.pmon][INFO] 2016-08-11 11:59:50,924: ProcessMonitor.register[rosout-1]
[roslaunch.pmon][INFO] 2016-08-11 11:59:50,924: ProcessMonitor.register[rosout-1] complete
[roslaunch][INFO] 2016-08-11 11:59:50,924: ... registered process [rosout-1]
[roslaunch][INFO] 2016-08-11 11:59:50,924: process[rosout-1]: starting os process
[roslaunch][INFO] 2016-08-11 11:59:50,924: process[rosout-1]: start w/ args [[u'/opt/ros/indigo/lib/rosout/rosout', u'__name:=rosout', u'__log:=/home/student/.ros/log/b9a56df2-5fb2-11e6-8a1d-00224d99020d/rosout-1.log']]
[roslaunch][INFO] 2016-08-11 11:59:50,924: process[rosout-1]: cwd will be [/home/student/.ros]
[roslaunch][INFO] 2016-08-11 11:59:50,926: process[rosout-1]: started with pid [561]
[roslaunch][INFO] 2016-08-11 11:59:50,926: ... successfully launched [rosout-1]
[roslaunch][INFO] 2016-08-11 11:59:50,926: load_parameters starting ...
[roslaunch][INFO] 2016-08-11 11:59:50,929: ... load_parameters complete
[roslaunch][INFO] 2016-08-11 11:59:50,929: launch_nodes: launching local nodes ...
[roslaunch][INFO] 2016-08-11 11:59:50,929: ... launch_nodes complete
[roslaunch.pmon][INFO] 2016-08-11 11:59:50,930: registrations completed <ProcessMonitor(ProcessMonitor-1, started daemon 139662308034304)>
[roslaunch.parent][INFO] 2016-08-11 11:59:50,930: ... roslaunch parent running, waiting for process exit
[roslaunch][INFO] 2016-08-11 11:59:50,930: spin
[roslaunch.pmon][INFO] 2016-08-11 11:59:52,012: ProcessMonitor.shutdown <ProcessMonitor(ProcessMonitor-1, started daemon 139662308034304)>
[roslaunch.pmon][INFO] 2016-08-11 11:59:52,082: ProcessMonitor._post_run <ProcessMonitor(ProcessMonitor-1, started daemon 139662308034304)>
[roslaunch.pmon][INFO] 2016-08-11 11:59:52,082: ProcessMonitor._post_run <ProcessMonitor(ProcessMonitor-1, started daemon 139662308034304)>: remaining procs are [<roslaunch.nodeprocess.LocalProcess object at 0x7f05aae95dd0>, <roslaunch.nodeprocess.LocalProcess object at 0x7f05aa43d090>]
[roslaunch.pmon][INFO] 2016-08-11 11:59:52,084: ProcessMonitor exit: killing rosout-1
[roslaunch][INFO] 2016-08-11 11:59:52,085: [rosout-1] killing on exit
[roslaunch][INFO] 2016-08-11 11:59:52,085: process[rosout-1]: killing os process with pid[561] pgid[561]
[roslaunch][INFO] 2016-08-11 11:59:52,085: [rosout-1] sending SIGINT to pgid [561]
[roslaunch][INFO] 2016-08-11 11:59:52,085: [rosout-1] sent SIGINT to pgid [561]
[roslaunch][INFO] 2016-08-11 11:59:52,286: process[rosout-1]: SIGINT killed with return value 0
[roslaunch.pmon][INFO] 2016-08-11 11:59:52,286: ProcessMonitor exit: killing master
[roslaunch][INFO] 2016-08-11 11:59:52,286: [master] killing on exit
[roslaunch][INFO] 2016-08-11 11:59:52,286: process[master]: killing os process with pid[548] pgid[548]
[roslaunch][INFO] 2016-08-11 11:59:52,286: [master] sending SIGINT to pgid [548]
[roslaunch][INFO] 2016-08-11 11:59:52,286: [master] sent SIGINT to pgid [548]
[roslaunch][INFO] 2016-08-11 11:59:52,487: process[master]: SIGINT killed with return value 0
[roslaunch.pmon][INFO] 2016-08-11 11:59:52,487: ProcessMonitor exit: cleaning up data structures and signals
[roslaunch.pmon][INFO] 2016-08-11 11:59:52,487: ProcessMonitor exit: pmon has shutdown
[roslaunch][INFO] 2016-08-11 11:59:52,527: process monitor is done spinning, initiating full shutdown
[roslaunch][INFO] 2016-08-11 11:59:52,527: runner.stop()
[roslaunch][INFO] 2016-08-11 11:59:52,527: shutting down processing monitor...
[roslaunch][INFO] 2016-08-11 11:59:52,527: shutting down processing monitor <ProcessMonitor(ProcessMonitor-1, stopped daemon 139662308034304)>
[roslaunch.pmon][INFO] 2016-08-11 11:59:52,527: ProcessMonitor.shutdown <ProcessMonitor(ProcessMonitor-1, stopped daemon 139662308034304)>
[roslaunch][INFO] 2016-08-11 11:59:52,527: ... shutting down processing monitor complete
[roslaunch][INFO] 2016-08-11 11:59:52,528: done
[roslaunch.pmon][INFO] 2016-08-11 11:59:52,528: ProcessMonitor.shutdown <ProcessMonitor(ProcessMonitor-1, stopped daemon 139662308034304)>
[rospy.core][INFO] 2016-08-11 11:59:52,528: signal_shutdown [atexit]
